<?xml version="1.0" encoding="UTF-8"?>
<testng-results ignored="0" total="1" passed="1" failed="0" skipped="0">
  <reporter-output>
  </reporter-output>
  <suite started-at="2025-04-17T13:38:40 IST" name="Command line suite" finished-at="2025-04-17T13:42:41 IST" duration-ms="241581">
    <groups>
    </groups>
    <test started-at="2025-04-17T13:38:40 IST" name="Command line test" finished-at="2025-04-17T13:42:41 IST" duration-ms="241581">
      <class name="Downgrade.SimpleUserLeadClientWithMultipleDates">
        <test-method signature="runLeadTest()[pri:0, instance:Downgrade.SimpleUserLeadClientWithMultipleDates@539d019]" started-at="2025-04-17T13:38:40 IST" name="runLeadTest" finished-at="2025-04-17T13:42:41 IST" duration-ms="241498" status="PASS">
          <reporter-output>
          </reporter-output>
        </test-method> <!-- runLeadTest -->
      </class> <!-- Downgrade.SimpleUserLeadClientWithMultipleDates -->
    </test> <!-- Command line test -->
  </suite> <!-- Command line suite -->
</testng-results>
